Performing C SOURCE FILE Test ARCH_32_BIT failed with the following output:
Change Dir: /root/dpi-test/cmake-build-debug-neuvector/third_party/hyperscan/src/hyperscan-5.4.0/CMakeFiles/CMakeTmp

Run Build Command(s):/usr/bin/gmake -f Makefile cmTC_85461/fast && gmake[3]: Entering directory '/root/dpi-test/cmake-build-debug-neuvector/third_party/hyperscan/src/hyperscan-5.4.0/CMakeFiles/CMakeTmp'
/usr/bin/gmake  -f CMakeFiles/cmTC_85461.dir/build.make CMakeFiles/cmTC_85461.dir/build
gmake[4]: Entering directory '/root/dpi-test/cmake-build-debug-neuvector/third_party/hyperscan/src/hyperscan-5.4.0/CMakeFiles/CMakeTmp'
Building C object CMakeFiles/cmTC_85461.dir/src.c.o
/usr/bin/cc -DARCH_32_BIT   -o CMakeFiles/cmTC_85461.dir/src.c.o -c /root/dpi-test/cmake-build-debug-neuvector/third_party/hyperscan/src/hyperscan-5.4.0/CMakeFiles/CMakeTmp/src.c
/root/dpi-test/cmake-build-debug-neuvector/third_party/hyperscan/src/hyperscan-5.4.0/CMakeFiles/CMakeTmp/src.c:2:2: error: #error not 64bit
 #error not 64bit
  ^
gmake[4]: *** [CMakeFiles/cmTC_85461.dir/build.make:78: CMakeFiles/cmTC_85461.dir/src.c.o] Error 1
gmake[4]: Leaving directory '/root/dpi-test/cmake-build-debug-neuvector/third_party/hyperscan/src/hyperscan-5.4.0/CMakeFiles/CMakeTmp'
gmake[3]: *** [Makefile:127: cmTC_85461/fast] Error 2
gmake[3]: Leaving directory '/root/dpi-test/cmake-build-debug-neuvector/third_party/hyperscan/src/hyperscan-5.4.0/CMakeFiles/CMakeTmp'


Source file was:
#if !(defined(__i386__) || defined(_M_IX86))
#error not 64bit
#endif
int main(void) { return 0; }
Determining if files intrin.h exist failed with the following output:
Change Dir: /root/dpi-test/cmake-build-debug-neuvector/third_party/hyperscan/src/hyperscan-5.4.0/CMakeFiles/CMakeTmp

Run Build Command(s):/usr/bin/gmake -f Makefile cmTC_99c6b/fast && gmake[3]: Entering directory '/root/dpi-test/cmake-build-debug-neuvector/third_party/hyperscan/src/hyperscan-5.4.0/CMakeFiles/CMakeTmp'
/usr/bin/gmake  -f CMakeFiles/cmTC_99c6b.dir/build.make CMakeFiles/cmTC_99c6b.dir/build
gmake[4]: Entering directory '/root/dpi-test/cmake-build-debug-neuvector/third_party/hyperscan/src/hyperscan-5.4.0/CMakeFiles/CMakeTmp'
Building C object CMakeFiles/cmTC_99c6b.dir/HAVE_C_INTRIN_H.c.o
/usr/bin/cc    -o CMakeFiles/cmTC_99c6b.dir/HAVE_C_INTRIN_H.c.o -c /root/dpi-test/cmake-build-debug-neuvector/third_party/hyperscan/src/hyperscan-5.4.0/CMakeFiles/CheckIncludeFiles/HAVE_C_INTRIN_H.c
/root/dpi-test/cmake-build-debug-neuvector/third_party/hyperscan/src/hyperscan-5.4.0/CMakeFiles/CheckIncludeFiles/HAVE_C_INTRIN_H.c:2:20: fatal error: intrin.h: No such file or directory
 #include <intrin.h>
                    ^
compilation terminated.
gmake[4]: *** [CMakeFiles/cmTC_99c6b.dir/build.make:78: CMakeFiles/cmTC_99c6b.dir/HAVE_C_INTRIN_H.c.o] Error 1
gmake[4]: Leaving directory '/root/dpi-test/cmake-build-debug-neuvector/third_party/hyperscan/src/hyperscan-5.4.0/CMakeFiles/CMakeTmp'
gmake[3]: *** [Makefile:127: cmTC_99c6b/fast] Error 2
gmake[3]: Leaving directory '/root/dpi-test/cmake-build-debug-neuvector/third_party/hyperscan/src/hyperscan-5.4.0/CMakeFiles/CMakeTmp'


Source:
/* */
#include <intrin.h>


int main(void){return 0;}

Determining if the include file intrin.h exists failed with the following output:
Change Dir: /root/dpi-test/cmake-build-debug-neuvector/third_party/hyperscan/src/hyperscan-5.4.0/CMakeFiles/CMakeTmp

Run Build Command(s):/usr/bin/gmake -f Makefile cmTC_e0344/fast && gmake[3]: Entering directory '/root/dpi-test/cmake-build-debug-neuvector/third_party/hyperscan/src/hyperscan-5.4.0/CMakeFiles/CMakeTmp'
/usr/bin/gmake  -f CMakeFiles/cmTC_e0344.dir/build.make CMakeFiles/cmTC_e0344.dir/build
gmake[4]: Entering directory '/root/dpi-test/cmake-build-debug-neuvector/third_party/hyperscan/src/hyperscan-5.4.0/CMakeFiles/CMakeTmp'
Building CXX object CMakeFiles/cmTC_e0344.dir/CheckIncludeFile.cxx.o
/usr/bin/c++    -o CMakeFiles/cmTC_e0344.dir/CheckIncludeFile.cxx.o -c /root/dpi-test/cmake-build-debug-neuvector/third_party/hyperscan/src/hyperscan-5.4.0/CMakeFiles/CMakeTmp/CheckIncludeFile.cxx
/root/dpi-test/cmake-build-debug-neuvector/third_party/hyperscan/src/hyperscan-5.4.0/CMakeFiles/CMakeTmp/CheckIncludeFile.cxx:1:20: fatal error: intrin.h: No such file or directory
 #include <intrin.h>
                    ^
compilation terminated.
gmake[4]: *** [CMakeFiles/cmTC_e0344.dir/build.make:78: CMakeFiles/cmTC_e0344.dir/CheckIncludeFile.cxx.o] Error 1
gmake[4]: Leaving directory '/root/dpi-test/cmake-build-debug-neuvector/third_party/hyperscan/src/hyperscan-5.4.0/CMakeFiles/CMakeTmp'
gmake[3]: *** [Makefile:127: cmTC_e0344/fast] Error 2
gmake[3]: Leaving directory '/root/dpi-test/cmake-build-debug-neuvector/third_party/hyperscan/src/hyperscan-5.4.0/CMakeFiles/CMakeTmp'



Determining if the function _aligned_malloc exists failed with the following output:
Change Dir: /root/dpi-test/cmake-build-debug-neuvector/third_party/hyperscan/src/hyperscan-5.4.0/CMakeFiles/CMakeTmp

Run Build Command(s):/usr/bin/gmake -f Makefile cmTC_3c528/fast && gmake[3]: Entering directory '/root/dpi-test/cmake-build-debug-neuvector/third_party/hyperscan/src/hyperscan-5.4.0/CMakeFiles/CMakeTmp'
/usr/bin/gmake  -f CMakeFiles/cmTC_3c528.dir/build.make CMakeFiles/cmTC_3c528.dir/build
gmake[4]: Entering directory '/root/dpi-test/cmake-build-debug-neuvector/third_party/hyperscan/src/hyperscan-5.4.0/CMakeFiles/CMakeTmp'
Building C object CMakeFiles/cmTC_3c528.dir/CheckFunctionExists.c.o
/usr/bin/cc   -DCHECK_FUNCTION_EXISTS=_aligned_malloc -o CMakeFiles/cmTC_3c528.dir/CheckFunctionExists.c.o -c /opt/cmake-3.20.0-linux-x86_64/share/cmake-3.20/Modules/CheckFunctionExists.c
Linking C executable cmTC_3c528
/opt/cmake-3.20.0-linux-x86_64/bin/cmake -E cmake_link_script CMakeFiles/cmTC_3c528.dir/link.txt --verbose=1
/usr/bin/cc  -DCHECK_FUNCTION_EXISTS=_aligned_malloc -rdynamic CMakeFiles/cmTC_3c528.dir/CheckFunctionExists.c.o -o cmTC_3c528 
CMakeFiles/cmTC_3c528.dir/CheckFunctionExists.c.o: In function `main':
CheckFunctionExists.c:(.text+0x10): undefined reference to `_aligned_malloc'
collect2: error: ld returned 1 exit status
gmake[4]: *** [CMakeFiles/cmTC_3c528.dir/build.make:99: cmTC_3c528] Error 1
gmake[4]: Leaving directory '/root/dpi-test/cmake-build-debug-neuvector/third_party/hyperscan/src/hyperscan-5.4.0/CMakeFiles/CMakeTmp'
gmake[3]: *** [Makefile:127: cmTC_3c528/fast] Error 2
gmake[3]: Leaving directory '/root/dpi-test/cmake-build-debug-neuvector/third_party/hyperscan/src/hyperscan-5.4.0/CMakeFiles/CMakeTmp'



Determining if the _LIBCPP_VERSION exist failed with the following output:
Change Dir: /root/dpi-test/cmake-build-debug-neuvector/third_party/hyperscan/src/hyperscan-5.4.0/CMakeFiles/CMakeTmp

Run Build Command(s):/usr/bin/gmake -f Makefile cmTC_02a3e/fast && gmake[3]: Entering directory '/root/dpi-test/cmake-build-debug-neuvector/third_party/hyperscan/src/hyperscan-5.4.0/CMakeFiles/CMakeTmp'
/usr/bin/gmake  -f CMakeFiles/cmTC_02a3e.dir/build.make CMakeFiles/cmTC_02a3e.dir/build
gmake[4]: Entering directory '/root/dpi-test/cmake-build-debug-neuvector/third_party/hyperscan/src/hyperscan-5.4.0/CMakeFiles/CMakeTmp'
Building CXX object CMakeFiles/cmTC_02a3e.dir/CheckSymbolExists.cxx.o
/usr/bin/c++    -o CMakeFiles/cmTC_02a3e.dir/CheckSymbolExists.cxx.o -c /root/dpi-test/cmake-build-debug-neuvector/third_party/hyperscan/src/hyperscan-5.4.0/CMakeFiles/CMakeTmp/CheckSymbolExists.cxx
/root/dpi-test/cmake-build-debug-neuvector/third_party/hyperscan/src/hyperscan-5.4.0/CMakeFiles/CMakeTmp/CheckSymbolExists.cxx: In function ‘int main(int, char**)’:
/root/dpi-test/cmake-build-debug-neuvector/third_party/hyperscan/src/hyperscan-5.4.0/CMakeFiles/CMakeTmp/CheckSymbolExists.cxx:8:19: error: ‘_LIBCPP_VERSION’ was not declared in this scope
   return ((int*)(&_LIBCPP_VERSION))[argc];
                   ^
gmake[4]: *** [CMakeFiles/cmTC_02a3e.dir/build.make:78: CMakeFiles/cmTC_02a3e.dir/CheckSymbolExists.cxx.o] Error 1
gmake[4]: Leaving directory '/root/dpi-test/cmake-build-debug-neuvector/third_party/hyperscan/src/hyperscan-5.4.0/CMakeFiles/CMakeTmp'
gmake[3]: *** [Makefile:127: cmTC_02a3e/fast] Error 2
gmake[3]: Leaving directory '/root/dpi-test/cmake-build-debug-neuvector/third_party/hyperscan/src/hyperscan-5.4.0/CMakeFiles/CMakeTmp'


File /root/dpi-test/cmake-build-debug-neuvector/third_party/hyperscan/src/hyperscan-5.4.0/CMakeFiles/CMakeTmp/CheckSymbolExists.cxx:
/* */
#include <ciso646>

int main(int argc, char** argv)
{
  (void)argv;
#ifndef _LIBCPP_VERSION
  return ((int*)(&_LIBCPP_VERSION))[argc];
#else
  (void)argc;
  return 0;
#endif
}
Performing C SOURCE FILE Test HAVE_AVX512 failed with the following output:
Change Dir: /root/dpi-test/cmake-build-debug-neuvector/third_party/hyperscan/src/hyperscan-5.4.0/CMakeFiles/CMakeTmp

Run Build Command(s):/usr/bin/gmake -f Makefile cmTC_f283c/fast && gmake[3]: Entering directory '/root/dpi-test/cmake-build-debug-neuvector/third_party/hyperscan/src/hyperscan-5.4.0/CMakeFiles/CMakeTmp'
/usr/bin/gmake  -f CMakeFiles/cmTC_f283c.dir/build.make CMakeFiles/cmTC_f283c.dir/build
gmake[4]: Entering directory '/root/dpi-test/cmake-build-debug-neuvector/third_party/hyperscan/src/hyperscan-5.4.0/CMakeFiles/CMakeTmp'
Building C object CMakeFiles/cmTC_f283c.dir/src.c.o
/usr/bin/cc -DHAVE_AVX512  -O3 -std=c99 -Wall -Wextra -Wshadow -Wcast-qual -fno-strict-aliasing -DNDEBUG -Wno-array-bounds -Wno-maybe-uninitialized -Wno-abi -fno-omit-frame-pointer -fvisibility=hidden -march=core-avx2 -o CMakeFiles/cmTC_f283c.dir/src.c.o -c /root/dpi-test/cmake-build-debug-neuvector/third_party/hyperscan/src/hyperscan-5.4.0/CMakeFiles/CMakeTmp/src.c
/root/dpi-test/cmake-build-debug-neuvector/third_party/hyperscan/src/hyperscan-5.4.0/CMakeFiles/CMakeTmp/src.c:3:2: error: #error no avx512bw
 #error no avx512bw
  ^
/root/dpi-test/cmake-build-debug-neuvector/third_party/hyperscan/src/hyperscan-5.4.0/CMakeFiles/CMakeTmp/src.c: In function ‘main’:
/root/dpi-test/cmake-build-debug-neuvector/third_party/hyperscan/src/hyperscan-5.4.0/CMakeFiles/CMakeTmp/src.c:7:5: error: unknown type name ‘__m512i’
     __m512i z = _mm512_setzero_si512();
     ^
/root/dpi-test/cmake-build-debug-neuvector/third_party/hyperscan/src/hyperscan-5.4.0/CMakeFiles/CMakeTmp/src.c:7:5: warning: implicit declaration of function ‘_mm512_setzero_si512’ [-Wimplicit-function-declaration]
/root/dpi-test/cmake-build-debug-neuvector/third_party/hyperscan/src/hyperscan-5.4.0/CMakeFiles/CMakeTmp/src.c:8:5: warning: implicit declaration of function ‘_mm512_abs_epi8’ [-Wimplicit-function-declaration]
     (void)_mm512_abs_epi8(z);
     ^
gmake[4]: *** [CMakeFiles/cmTC_f283c.dir/build.make:78: CMakeFiles/cmTC_f283c.dir/src.c.o] Error 1
gmake[4]: Leaving directory '/root/dpi-test/cmake-build-debug-neuvector/third_party/hyperscan/src/hyperscan-5.4.0/CMakeFiles/CMakeTmp'
gmake[3]: *** [Makefile:127: cmTC_f283c/fast] Error 2
gmake[3]: Leaving directory '/root/dpi-test/cmake-build-debug-neuvector/third_party/hyperscan/src/hyperscan-5.4.0/CMakeFiles/CMakeTmp'


Source file was:
#include <x86intrin.h>
#if !defined(__AVX512BW__)
#error no avx512bw
#endif

int main(){
    __m512i z = _mm512_setzero_si512();
    (void)_mm512_abs_epi8(z);
}
Performing C SOURCE FILE Test HAVE_AVX512VBMI failed with the following output:
Change Dir: /root/dpi-test/cmake-build-debug-neuvector/third_party/hyperscan/src/hyperscan-5.4.0/CMakeFiles/CMakeTmp

Run Build Command(s):/usr/bin/gmake -f Makefile cmTC_e2242/fast && gmake[3]: Entering directory '/root/dpi-test/cmake-build-debug-neuvector/third_party/hyperscan/src/hyperscan-5.4.0/CMakeFiles/CMakeTmp'
/usr/bin/gmake  -f CMakeFiles/cmTC_e2242.dir/build.make CMakeFiles/cmTC_e2242.dir/build
gmake[4]: Entering directory '/root/dpi-test/cmake-build-debug-neuvector/third_party/hyperscan/src/hyperscan-5.4.0/CMakeFiles/CMakeTmp'
Building C object CMakeFiles/cmTC_e2242.dir/src.c.o
/usr/bin/cc -DHAVE_AVX512VBMI  -O3 -std=c99 -Wall -Wextra -Wshadow -Wcast-qual -fno-strict-aliasing -DNDEBUG -Wno-array-bounds -Wno-maybe-uninitialized -Wno-abi -fno-omit-frame-pointer -fvisibility=hidden -march=core-avx2 -o CMakeFiles/cmTC_e2242.dir/src.c.o -c /root/dpi-test/cmake-build-debug-neuvector/third_party/hyperscan/src/hyperscan-5.4.0/CMakeFiles/CMakeTmp/src.c
/root/dpi-test/cmake-build-debug-neuvector/third_party/hyperscan/src/hyperscan-5.4.0/CMakeFiles/CMakeTmp/src.c:3:2: error: #error no avx512vbmi
 #error no avx512vbmi
  ^
/root/dpi-test/cmake-build-debug-neuvector/third_party/hyperscan/src/hyperscan-5.4.0/CMakeFiles/CMakeTmp/src.c: In function ‘main’:
/root/dpi-test/cmake-build-debug-neuvector/third_party/hyperscan/src/hyperscan-5.4.0/CMakeFiles/CMakeTmp/src.c:7:5: error: unknown type name ‘__m512i’
     __m512i a = _mm512_set1_epi8(0xFF);
     ^
/root/dpi-test/cmake-build-debug-neuvector/third_party/hyperscan/src/hyperscan-5.4.0/CMakeFiles/CMakeTmp/src.c:7:5: warning: implicit declaration of function ‘_mm512_set1_epi8’ [-Wimplicit-function-declaration]
/root/dpi-test/cmake-build-debug-neuvector/third_party/hyperscan/src/hyperscan-5.4.0/CMakeFiles/CMakeTmp/src.c:8:5: error: unknown type name ‘__m512i’
     __m512i idx = _mm512_set_epi64(3ULL, 2ULL, 1ULL, 0ULL, 7ULL, 6ULL, 5ULL, 4ULL);
     ^
/root/dpi-test/cmake-build-debug-neuvector/third_party/hyperscan/src/hyperscan-5.4.0/CMakeFiles/CMakeTmp/src.c:8:5: warning: implicit declaration of function ‘_mm512_set_epi64’ [-Wimplicit-function-declaration]
/root/dpi-test/cmake-build-debug-neuvector/third_party/hyperscan/src/hyperscan-5.4.0/CMakeFiles/CMakeTmp/src.c:9:5: warning: implicit declaration of function ‘_mm512_permutexvar_epi8’ [-Wimplicit-function-declaration]
     (void)_mm512_permutexvar_epi8(idx, a);
     ^
gmake[4]: *** [CMakeFiles/cmTC_e2242.dir/build.make:78: CMakeFiles/cmTC_e2242.dir/src.c.o] Error 1
gmake[4]: Leaving directory '/root/dpi-test/cmake-build-debug-neuvector/third_party/hyperscan/src/hyperscan-5.4.0/CMakeFiles/CMakeTmp'
gmake[3]: *** [Makefile:127: cmTC_e2242/fast] Error 2
gmake[3]: Leaving directory '/root/dpi-test/cmake-build-debug-neuvector/third_party/hyperscan/src/hyperscan-5.4.0/CMakeFiles/CMakeTmp'


Source file was:
#include <x86intrin.h>
#if !defined(__AVX512VBMI__)
#error no avx512vbmi
#endif

int main(){
    __m512i a = _mm512_set1_epi8(0xFF);
    __m512i idx = _mm512_set_epi64(3ULL, 2ULL, 1ULL, 0ULL, 7ULL, 6ULL, 5ULL, 4ULL);
    (void)_mm512_permutexvar_epi8(idx, a);
}
Performing C SOURCE FILE Test CC_SELF_ASSIGN failed with the following output:
Change Dir: /root/dpi-test/cmake-build-debug-neuvector/third_party/hyperscan/src/hyperscan-5.4.0/CMakeFiles/CMakeTmp

Run Build Command(s):/usr/bin/gmake -f Makefile cmTC_49bb1/fast && gmake[3]: Entering directory '/root/dpi-test/cmake-build-debug-neuvector/third_party/hyperscan/src/hyperscan-5.4.0/CMakeFiles/CMakeTmp'
/usr/bin/gmake  -f CMakeFiles/cmTC_49bb1.dir/build.make CMakeFiles/cmTC_49bb1.dir/build
gmake[4]: Entering directory '/root/dpi-test/cmake-build-debug-neuvector/third_party/hyperscan/src/hyperscan-5.4.0/CMakeFiles/CMakeTmp'
Building C object CMakeFiles/cmTC_49bb1.dir/src.c.o
/usr/bin/cc -DCC_SELF_ASSIGN  -Wself-assign -o CMakeFiles/cmTC_49bb1.dir/src.c.o -c /root/dpi-test/cmake-build-debug-neuvector/third_party/hyperscan/src/hyperscan-5.4.0/CMakeFiles/CMakeTmp/src.c
cc: error: unrecognized command line option '-Wself-assign'
gmake[4]: *** [CMakeFiles/cmTC_49bb1.dir/build.make:78: CMakeFiles/cmTC_49bb1.dir/src.c.o] Error 1
gmake[4]: Leaving directory '/root/dpi-test/cmake-build-debug-neuvector/third_party/hyperscan/src/hyperscan-5.4.0/CMakeFiles/CMakeTmp'
gmake[3]: *** [Makefile:127: cmTC_49bb1/fast] Error 2
gmake[3]: Leaving directory '/root/dpi-test/cmake-build-debug-neuvector/third_party/hyperscan/src/hyperscan-5.4.0/CMakeFiles/CMakeTmp'


Source file was:
int main(void) { return 0; }
Performing C++ SOURCE FILE Test CXX_SELF_ASSIGN failed with the following output:
Change Dir: /root/dpi-test/cmake-build-debug-neuvector/third_party/hyperscan/src/hyperscan-5.4.0/CMakeFiles/CMakeTmp

Run Build Command(s):/usr/bin/gmake -f Makefile cmTC_c1f60/fast && gmake[3]: Entering directory '/root/dpi-test/cmake-build-debug-neuvector/third_party/hyperscan/src/hyperscan-5.4.0/CMakeFiles/CMakeTmp'
/usr/bin/gmake  -f CMakeFiles/cmTC_c1f60.dir/build.make CMakeFiles/cmTC_c1f60.dir/build
gmake[4]: Entering directory '/root/dpi-test/cmake-build-debug-neuvector/third_party/hyperscan/src/hyperscan-5.4.0/CMakeFiles/CMakeTmp'
Building CXX object CMakeFiles/cmTC_c1f60.dir/src.cxx.o
/usr/bin/c++ -DCXX_SELF_ASSIGN  -Wself-assign -o CMakeFiles/cmTC_c1f60.dir/src.cxx.o -c /root/dpi-test/cmake-build-debug-neuvector/third_party/hyperscan/src/hyperscan-5.4.0/CMakeFiles/CMakeTmp/src.cxx
c++: error: unrecognized command line option '-Wself-assign'
gmake[4]: *** [CMakeFiles/cmTC_c1f60.dir/build.make:78: CMakeFiles/cmTC_c1f60.dir/src.cxx.o] Error 1
gmake[4]: Leaving directory '/root/dpi-test/cmake-build-debug-neuvector/third_party/hyperscan/src/hyperscan-5.4.0/CMakeFiles/CMakeTmp'
gmake[3]: *** [Makefile:127: cmTC_c1f60/fast] Error 2
gmake[3]: Leaving directory '/root/dpi-test/cmake-build-debug-neuvector/third_party/hyperscan/src/hyperscan-5.4.0/CMakeFiles/CMakeTmp'


Source file was:
int main() { return 0; }
Performing C SOURCE FILE Test CC_PAREN_EQUALITY failed with the following output:
Change Dir: /root/dpi-test/cmake-build-debug-neuvector/third_party/hyperscan/src/hyperscan-5.4.0/CMakeFiles/CMakeTmp

Run Build Command(s):/usr/bin/gmake -f Makefile cmTC_461f0/fast && gmake[3]: Entering directory '/root/dpi-test/cmake-build-debug-neuvector/third_party/hyperscan/src/hyperscan-5.4.0/CMakeFiles/CMakeTmp'
/usr/bin/gmake  -f CMakeFiles/cmTC_461f0.dir/build.make CMakeFiles/cmTC_461f0.dir/build
gmake[4]: Entering directory '/root/dpi-test/cmake-build-debug-neuvector/third_party/hyperscan/src/hyperscan-5.4.0/CMakeFiles/CMakeTmp'
Building C object CMakeFiles/cmTC_461f0.dir/src.c.o
/usr/bin/cc -DCC_PAREN_EQUALITY  -Wparentheses-equality -o CMakeFiles/cmTC_461f0.dir/src.c.o -c /root/dpi-test/cmake-build-debug-neuvector/third_party/hyperscan/src/hyperscan-5.4.0/CMakeFiles/CMakeTmp/src.c
cc: error: unrecognized command line option '-Wparentheses-equality'
gmake[4]: *** [CMakeFiles/cmTC_461f0.dir/build.make:78: CMakeFiles/cmTC_461f0.dir/src.c.o] Error 1
gmake[4]: Leaving directory '/root/dpi-test/cmake-build-debug-neuvector/third_party/hyperscan/src/hyperscan-5.4.0/CMakeFiles/CMakeTmp'
gmake[3]: *** [Makefile:127: cmTC_461f0/fast] Error 2
gmake[3]: Leaving directory '/root/dpi-test/cmake-build-debug-neuvector/third_party/hyperscan/src/hyperscan-5.4.0/CMakeFiles/CMakeTmp'


Source file was:
int main(void) { return 0; }
Performing C++ SOURCE FILE Test CXX_UNUSED_CONST_VAR failed with the following output:
Change Dir: /root/dpi-test/cmake-build-debug-neuvector/third_party/hyperscan/src/hyperscan-5.4.0/CMakeFiles/CMakeTmp

Run Build Command(s):/usr/bin/gmake -f Makefile cmTC_ca57a/fast && gmake[3]: Entering directory '/root/dpi-test/cmake-build-debug-neuvector/third_party/hyperscan/src/hyperscan-5.4.0/CMakeFiles/CMakeTmp'
/usr/bin/gmake  -f CMakeFiles/cmTC_ca57a.dir/build.make CMakeFiles/cmTC_ca57a.dir/build
gmake[4]: Entering directory '/root/dpi-test/cmake-build-debug-neuvector/third_party/hyperscan/src/hyperscan-5.4.0/CMakeFiles/CMakeTmp'
Building CXX object CMakeFiles/cmTC_ca57a.dir/src.cxx.o
/usr/bin/c++ -DCXX_UNUSED_CONST_VAR  -Wunused-const-variable -o CMakeFiles/cmTC_ca57a.dir/src.cxx.o -c /root/dpi-test/cmake-build-debug-neuvector/third_party/hyperscan/src/hyperscan-5.4.0/CMakeFiles/CMakeTmp/src.cxx
c++: error: unrecognized command line option '-Wunused-const-variable'
gmake[4]: *** [CMakeFiles/cmTC_ca57a.dir/build.make:78: CMakeFiles/cmTC_ca57a.dir/src.cxx.o] Error 1
gmake[4]: Leaving directory '/root/dpi-test/cmake-build-debug-neuvector/third_party/hyperscan/src/hyperscan-5.4.0/CMakeFiles/CMakeTmp'
gmake[3]: *** [Makefile:127: cmTC_ca57a/fast] Error 2
gmake[3]: Leaving directory '/root/dpi-test/cmake-build-debug-neuvector/third_party/hyperscan/src/hyperscan-5.4.0/CMakeFiles/CMakeTmp'


Source file was:
int main() { return 0; }
Performing C++ SOURCE FILE Test CXX_IGNORED_ATTR failed with the following output:
Change Dir: /root/dpi-test/cmake-build-debug-neuvector/third_party/hyperscan/src/hyperscan-5.4.0/CMakeFiles/CMakeTmp

Run Build Command(s):/usr/bin/gmake -f Makefile cmTC_52348/fast && gmake[3]: Entering directory '/root/dpi-test/cmake-build-debug-neuvector/third_party/hyperscan/src/hyperscan-5.4.0/CMakeFiles/CMakeTmp'
/usr/bin/gmake  -f CMakeFiles/cmTC_52348.dir/build.make CMakeFiles/cmTC_52348.dir/build
gmake[4]: Entering directory '/root/dpi-test/cmake-build-debug-neuvector/third_party/hyperscan/src/hyperscan-5.4.0/CMakeFiles/CMakeTmp'
Building CXX object CMakeFiles/cmTC_52348.dir/src.cxx.o
/usr/bin/c++ -DCXX_IGNORED_ATTR  -Wignored-attributes -o CMakeFiles/cmTC_52348.dir/src.cxx.o -c /root/dpi-test/cmake-build-debug-neuvector/third_party/hyperscan/src/hyperscan-5.4.0/CMakeFiles/CMakeTmp/src.cxx
c++: error: unrecognized command line option '-Wignored-attributes'
gmake[4]: *** [CMakeFiles/cmTC_52348.dir/build.make:78: CMakeFiles/cmTC_52348.dir/src.cxx.o] Error 1
gmake[4]: Leaving directory '/root/dpi-test/cmake-build-debug-neuvector/third_party/hyperscan/src/hyperscan-5.4.0/CMakeFiles/CMakeTmp'
gmake[3]: *** [Makefile:127: cmTC_52348/fast] Error 2
gmake[3]: Leaving directory '/root/dpi-test/cmake-build-debug-neuvector/third_party/hyperscan/src/hyperscan-5.4.0/CMakeFiles/CMakeTmp'


Source file was:
int main() { return 0; }
Performing C++ SOURCE FILE Test CXX_REDUNDANT_MOVE failed with the following output:
Change Dir: /root/dpi-test/cmake-build-debug-neuvector/third_party/hyperscan/src/hyperscan-5.4.0/CMakeFiles/CMakeTmp

Run Build Command(s):/usr/bin/gmake -f Makefile cmTC_9baef/fast && gmake[3]: Entering directory '/root/dpi-test/cmake-build-debug-neuvector/third_party/hyperscan/src/hyperscan-5.4.0/CMakeFiles/CMakeTmp'
/usr/bin/gmake  -f CMakeFiles/cmTC_9baef.dir/build.make CMakeFiles/cmTC_9baef.dir/build
gmake[4]: Entering directory '/root/dpi-test/cmake-build-debug-neuvector/third_party/hyperscan/src/hyperscan-5.4.0/CMakeFiles/CMakeTmp'
Building CXX object CMakeFiles/cmTC_9baef.dir/src.cxx.o
/usr/bin/c++ -DCXX_REDUNDANT_MOVE  -Wredundant-move -o CMakeFiles/cmTC_9baef.dir/src.cxx.o -c /root/dpi-test/cmake-build-debug-neuvector/third_party/hyperscan/src/hyperscan-5.4.0/CMakeFiles/CMakeTmp/src.cxx
c++: error: unrecognized command line option '-Wredundant-move'
gmake[4]: *** [CMakeFiles/cmTC_9baef.dir/build.make:78: CMakeFiles/cmTC_9baef.dir/src.cxx.o] Error 1
gmake[4]: Leaving directory '/root/dpi-test/cmake-build-debug-neuvector/third_party/hyperscan/src/hyperscan-5.4.0/CMakeFiles/CMakeTmp'
gmake[3]: *** [Makefile:127: cmTC_9baef/fast] Error 2
gmake[3]: Leaving directory '/root/dpi-test/cmake-build-debug-neuvector/third_party/hyperscan/src/hyperscan-5.4.0/CMakeFiles/CMakeTmp'


Source file was:
int main() { return 0; }
Performing C++ SOURCE FILE Test CXX_WEAK_VTABLES failed with the following output:
Change Dir: /root/dpi-test/cmake-build-debug-neuvector/third_party/hyperscan/src/hyperscan-5.4.0/CMakeFiles/CMakeTmp

Run Build Command(s):/usr/bin/gmake -f Makefile cmTC_af9c0/fast && gmake[3]: Entering directory '/root/dpi-test/cmake-build-debug-neuvector/third_party/hyperscan/src/hyperscan-5.4.0/CMakeFiles/CMakeTmp'
/usr/bin/gmake  -f CMakeFiles/cmTC_af9c0.dir/build.make CMakeFiles/cmTC_af9c0.dir/build
gmake[4]: Entering directory '/root/dpi-test/cmake-build-debug-neuvector/third_party/hyperscan/src/hyperscan-5.4.0/CMakeFiles/CMakeTmp'
Building CXX object CMakeFiles/cmTC_af9c0.dir/src.cxx.o
/usr/bin/c++ -DCXX_WEAK_VTABLES  -Wweak-vtables -o CMakeFiles/cmTC_af9c0.dir/src.cxx.o -c /root/dpi-test/cmake-build-debug-neuvector/third_party/hyperscan/src/hyperscan-5.4.0/CMakeFiles/CMakeTmp/src.cxx
c++: error: unrecognized command line option '-Wweak-vtables'
gmake[4]: *** [CMakeFiles/cmTC_af9c0.dir/build.make:78: CMakeFiles/cmTC_af9c0.dir/src.cxx.o] Error 1
gmake[4]: Leaving directory '/root/dpi-test/cmake-build-debug-neuvector/third_party/hyperscan/src/hyperscan-5.4.0/CMakeFiles/CMakeTmp'
gmake[3]: *** [Makefile:127: cmTC_af9c0/fast] Error 2
gmake[3]: Leaving directory '/root/dpi-test/cmake-build-debug-neuvector/third_party/hyperscan/src/hyperscan-5.4.0/CMakeFiles/CMakeTmp'


Source file was:
int main() { return 0; }
Performing C SOURCE FILE Test CC_STRINGOP_OVERFLOW failed with the following output:
Change Dir: /root/dpi-test/cmake-build-debug-neuvector/third_party/hyperscan/src/hyperscan-5.4.0/CMakeFiles/CMakeTmp

Run Build Command(s):/usr/bin/gmake -f Makefile cmTC_448e7/fast && gmake[3]: Entering directory '/root/dpi-test/cmake-build-debug-neuvector/third_party/hyperscan/src/hyperscan-5.4.0/CMakeFiles/CMakeTmp'
/usr/bin/gmake  -f CMakeFiles/cmTC_448e7.dir/build.make CMakeFiles/cmTC_448e7.dir/build
gmake[4]: Entering directory '/root/dpi-test/cmake-build-debug-neuvector/third_party/hyperscan/src/hyperscan-5.4.0/CMakeFiles/CMakeTmp'
Building C object CMakeFiles/cmTC_448e7.dir/src.c.o
/usr/bin/cc -DCC_STRINGOP_OVERFLOW  -Wstringop-overflow -o CMakeFiles/cmTC_448e7.dir/src.c.o -c /root/dpi-test/cmake-build-debug-neuvector/third_party/hyperscan/src/hyperscan-5.4.0/CMakeFiles/CMakeTmp/src.c
cc: error: unrecognized command line option '-Wstringop-overflow'
gmake[4]: *** [CMakeFiles/cmTC_448e7.dir/build.make:78: CMakeFiles/cmTC_448e7.dir/src.c.o] Error 1
gmake[4]: Leaving directory '/root/dpi-test/cmake-build-debug-neuvector/third_party/hyperscan/src/hyperscan-5.4.0/CMakeFiles/CMakeTmp'
gmake[3]: *** [Makefile:127: cmTC_448e7/fast] Error 2
gmake[3]: Leaving directory '/root/dpi-test/cmake-build-debug-neuvector/third_party/hyperscan/src/hyperscan-5.4.0/CMakeFiles/CMakeTmp'


Source file was:
int main(void) { return 0; }
Performing C SOURCE FILE Test CMAKE_HAVE_LIBC_PTHREAD failed with the following output:
Change Dir: /root/dpi-test/cmake-build-debug-neuvector/third_party/hyperscan/src/hyperscan-5.4.0/CMakeFiles/CMakeTmp

Run Build Command(s):/usr/bin/gmake -f Makefile cmTC_d4d0c/fast && gmake[3]: Entering directory '/root/dpi-test/cmake-build-debug-neuvector/third_party/hyperscan/src/hyperscan-5.4.0/CMakeFiles/CMakeTmp'
/usr/bin/gmake  -f CMakeFiles/cmTC_d4d0c.dir/build.make CMakeFiles/cmTC_d4d0c.dir/build
gmake[4]: Entering directory '/root/dpi-test/cmake-build-debug-neuvector/third_party/hyperscan/src/hyperscan-5.4.0/CMakeFiles/CMakeTmp'
Building C object CMakeFiles/cmTC_d4d0c.dir/src.c.o
/usr/bin/cc -DCMAKE_HAVE_LIBC_PTHREAD   -o CMakeFiles/cmTC_d4d0c.dir/src.c.o -c /root/dpi-test/cmake-build-debug-neuvector/third_party/hyperscan/src/hyperscan-5.4.0/CMakeFiles/CMakeTmp/src.c
Linking C executable cmTC_d4d0c
/opt/cmake-3.20.0-linux-x86_64/bin/cmake -E cmake_link_script CMakeFiles/cmTC_d4d0c.dir/link.txt --verbose=1
/usr/bin/cc -rdynamic CMakeFiles/cmTC_d4d0c.dir/src.c.o -o cmTC_d4d0c 
CMakeFiles/cmTC_d4d0c.dir/src.c.o: In function `main':
src.c:(.text+0x2d): undefined reference to `pthread_create'
src.c:(.text+0x39): undefined reference to `pthread_detach'
src.c:(.text+0x45): undefined reference to `pthread_cancel'
src.c:(.text+0x56): undefined reference to `pthread_join'
collect2: error: ld returned 1 exit status
gmake[4]: *** [CMakeFiles/cmTC_d4d0c.dir/build.make:99: cmTC_d4d0c] Error 1
gmake[4]: Leaving directory '/root/dpi-test/cmake-build-debug-neuvector/third_party/hyperscan/src/hyperscan-5.4.0/CMakeFiles/CMakeTmp'
gmake[3]: *** [Makefile:127: cmTC_d4d0c/fast] Error 2
gmake[3]: Leaving directory '/root/dpi-test/cmake-build-debug-neuvector/third_party/hyperscan/src/hyperscan-5.4.0/CMakeFiles/CMakeTmp'


Source file was:
#include <pthread.h>

static void* test_func(void* data)
{
  return data;
}

int main(void)
{
  pthread_t thread;
  pthread_create(&thread, NULL, test_func, NULL);
  pthread_detach(thread);
  pthread_cancel(thread);
  pthread_join(thread, NULL);
  pthread_atfork(NULL, NULL, NULL);
  pthread_exit(NULL);

  return 0;
}

Determining if the function pthread_create exists in the pthreads failed with the following output:
Change Dir: /root/dpi-test/cmake-build-debug-neuvector/third_party/hyperscan/src/hyperscan-5.4.0/CMakeFiles/CMakeTmp

Run Build Command(s):/usr/bin/gmake -f Makefile cmTC_30076/fast && gmake[3]: Entering directory '/root/dpi-test/cmake-build-debug-neuvector/third_party/hyperscan/src/hyperscan-5.4.0/CMakeFiles/CMakeTmp'
/usr/bin/gmake  -f CMakeFiles/cmTC_30076.dir/build.make CMakeFiles/cmTC_30076.dir/build
gmake[4]: Entering directory '/root/dpi-test/cmake-build-debug-neuvector/third_party/hyperscan/src/hyperscan-5.4.0/CMakeFiles/CMakeTmp'
Building C object CMakeFiles/cmTC_30076.dir/CheckFunctionExists.c.o
/usr/bin/cc   -DCHECK_FUNCTION_EXISTS=pthread_create -o CMakeFiles/cmTC_30076.dir/CheckFunctionExists.c.o -c /opt/cmake-3.20.0-linux-x86_64/share/cmake-3.20/Modules/CheckFunctionExists.c
Linking C executable cmTC_30076
/opt/cmake-3.20.0-linux-x86_64/bin/cmake -E cmake_link_script CMakeFiles/cmTC_30076.dir/link.txt --verbose=1
/usr/bin/cc  -DCHECK_FUNCTION_EXISTS=pthread_create -rdynamic CMakeFiles/cmTC_30076.dir/CheckFunctionExists.c.o -o cmTC_30076  -lpthreads 
/usr/bin/ld: cannot find -lpthreads
collect2: error: ld returned 1 exit status
gmake[4]: *** [CMakeFiles/cmTC_30076.dir/build.make:99: cmTC_30076] Error 1
gmake[4]: Leaving directory '/root/dpi-test/cmake-build-debug-neuvector/third_party/hyperscan/src/hyperscan-5.4.0/CMakeFiles/CMakeTmp'
gmake[3]: *** [Makefile:127: cmTC_30076/fast] Error 2
gmake[3]: Leaving directory '/root/dpi-test/cmake-build-debug-neuvector/third_party/hyperscan/src/hyperscan-5.4.0/CMakeFiles/CMakeTmp'



